<?xml version="1.0" encoding="UTF-8"?>
<Site BuildName="Win32-ninja"
	BuildStamp="20250721-1547-Experimental"
	Name="WINDOWS-BDCQ46I"
	Generator="ctest-3.31.8"
	CompilerName="C:/LLVM/bin/clang++.exe"
	CompilerVersion="20.1.5"
	OSName="Windows"
	Hostname="WINDOWS-BDCQ46I"
	OSRelease=" Personal"
	OSVersion=" (Build 26100)"
	OSPlatform="AMD64"
	Is64Bits="1"
	VendorString="AuthenticAMD"
	VendorID="Advanced Micro Devices"
	FamilyID="15"
	ModelID="0"
	ModelName="AMD Ryzen 7 PRO 5850U with Radeon Graphics     "
	ProcessorCacheSize="64"
	NumberOfLogicalCPU="16"
	NumberOfPhysicalCPU="8"
	TotalVirtualMemory="16719"
	TotalPhysicalMemory="15695"
	LogicalProcessorsPerPhysical="2"
	ProcessorClockFrequency="1896"
	>
	<Testing>
		<StartDateTime>Jul 21 12:34 Eastern Daylight Time</StartDateTime>
		<StartTestTime>1753115659</StartTestTime>
		<TestList/>
		<EndDateTime>Jul 21 12:34 Eastern Daylight Time</EndDateTime>
		<EndTestTime>1753115659</EndTestTime>
		<ElapsedMinutes>0</ElapsedMinutes>
	</Testing>
</Site>
